Arguments: 
  C:\Program Files\nodejs\node.exe C:\Program Files (x86)\Yarn\bin\yarn.js --dev add @rollup-plugin-terser @rollup-plugin-terser rollup-plugin-livereload rollup-plugin-babel rollup-plugin-image

PATH: 
  C:\Program Files (x86)\Intel\Intel(R) Management Engine Components\iCLS\;C:\Program Files\Intel\Intel(R) Management Engine Components\iCLS\;C:\Windows\system32;C:\Windows;C:\Windows\System32\Wbem;C:\Windows\System32\WindowsPowerShell\v1.0\;C:\Windows\System32\OpenSSH\;C:\Program Files (x86)\Intel\Intel(R) Management Engine Components\DAL;C:\Program Files\Intel\Intel(R) Management Engine Components\DAL;C:\Program Files (x86)\NVIDIA Corporation\PhysX\Common;C:\WINDOWS\system32;C:\WINDOWS;C:\WINDOWS\System32\Wbem;C:\WINDOWS\System32\WindowsPowerShell\v1.0\;C:\WINDOWS\System32\OpenSSH\;C:\Program Files\Git\bin;C:\Program Files\Git\mingw64\bin;C:\Program Files\Git\mingw64\libexec\git-core;C:\Program Files\MongoDB\Server\4.2\bin;C:\Program Files (x86)\Yarn\bin\;D:\mysql\mysql-5.7.22-winx64\bin;C:\Program Files\NVIDIA Corporation\NVIDIA NvDLISR;C:\WINDOWS\system32;C:\WINDOWS;C:\WINDOWS\System32\Wbem;C:\WINDOWS\System32\WindowsPowerShell\v1.0\;C:\WINDOWS\System32\OpenSSH\;C:\Program Files\Huawei QuickApp IDE\bin;C:\Users\ckhd\AppData\Local\Programs\Python\Python38\Scripts;C:\Users\ckhd\AppData\Roaming\nvm;C:\Program Files\nodejs;C:\Users\ckhd\AppData\Local\Programs\Python\Python38\Scripts\;C:\Users\ckhd\AppData\Local\Programs\Python\Python38\;C:\Users\ckhd\AppData\Local\Microsoft\WindowsApps;C:\Users\ckhd\AppData\Local\Programs\Microsoft VS Code\bin;C:\Program Files\Bandizip\;C:\Users\ckhd\AppData\Local\Yarn\bin;C:\Users\ckhd\AppData\Local\Programs\Fiddler;C:\Program Files (x86)\Egret\Egret Wing 3\bin;C:\Users\ckhd\AppData\Local\Programs\Python\Python38;C:\Users\ckhd\AppData\Local\GitHubDesktop\bin;C:\Users\ckhd\AppData\Roaming\nvm;C:\Program Files\nodejs

Yarn version: 
  1.21.1

Node version: 
  12.21.0

Platform: 
  win32 x64

Trace: 
  Error: https://registry.npmjs.org/@rollup-plugin-terser: Request "https://registry.npmjs.org/@rollup-plugin-terser" returned a 405
      at Request.params.callback [as _callback] (C:\Program Files (x86)\Yarn\lib\cli.js:66065:18)
      at Request.self.callback (C:\Program Files (x86)\Yarn\lib\cli.js:140665:22)
      at Request.emit (events.js:314:20)
      at Request.<anonymous> (C:\Program Files (x86)\Yarn\lib\cli.js:141637:10)
      at Request.emit (events.js:314:20)
      at IncomingMessage.<anonymous> (C:\Program Files (x86)\Yarn\lib\cli.js:141559:12)
      at Object.onceWrapper (events.js:420:28)
      at IncomingMessage.emit (events.js:326:22)
      at endReadableNT (_stream_readable.js:1241:12)
      at processTicksAndRejections (internal/process/task_queues.js:84:21)

npm manifest: 
  {
    "name": "canvas",
    "version": "1.0.0",
    "description": "",
    "main": "canvas.js",
    "scripts": {
      "dev": "rollup -w -c rollup.config.js",
      "build": "rollup -c rollup.config.js",
      "test": "echo \"Error: no test specified\" && exit 1"
    },
    "author": "",
    "license": "ISC",
    "devDependencies": {
      "rollup": "^2.42.4",
      "rollup-plugin-serve": "^1.1.0"
    }
  }

yarn manifest: 
  No manifest

Lockfile: 
  # THIS IS AN AUTOGENERATED FILE. DO NOT EDIT THIS FILE DIRECTLY.
  # yarn lockfile v1
  
  
  fsevents@~2.3.1:
    version "2.3.2"
    resolved "https://registry.yarnpkg.com/fsevents/-/fsevents-2.3.2.tgz#8a526f78b8fdf4623b709e0b975c52c24c02fd1a"
    integrity sha512-xiqMQR4xAeHTuB9uWm+fFRcIOgKBMiOBP+eXiyT7jsgVCq1bkVygt00oASowB7EdtpOHaaPgKt812P9ab+DDKA==
  
  mime@>=2.4.6:
    version "2.5.2"
    resolved "https://registry.yarnpkg.com/mime/-/mime-2.5.2.tgz#6e3dc6cc2b9510643830e5f19d5cb753da5eeabe"
    integrity sha512-tqkh47FzKeCPD2PUiPB6pkbMzsCasjxAfC62/Wap5qrUWcb+sFasXUC5I3gYM5iBM8v/Qpn4UK0x+j0iHyFPDg==
  
  opener@1:
    version "1.5.2"
    resolved "https://registry.yarnpkg.com/opener/-/opener-1.5.2.tgz#5d37e1f35077b9dcac4301372271afdeb2a13598"
    integrity sha512-ur5UIdyw5Y7yEj9wLzhqXiy6GZ3Mwx0yGI+5sMn2r0N0v3cKJvUmFH5yPP+WXh9e0xfyzyJX95D8l088DNFj7A==
  
  rollup-plugin-serve@^1.1.0:
    version "1.1.0"
    resolved "https://registry.yarnpkg.com/rollup-plugin-serve/-/rollup-plugin-serve-1.1.0.tgz#0654a57021a21b903340c69940f7463706e8288d"
    integrity sha512-pYkSsuA0/psKqhhictkJw1c2klya5b+LlCvipWqI9OE1aG2M97mRumZCbBlry5CMEOzYBBgSDgd1694sNbmyIw==
    dependencies:
      mime ">=2.4.6"
      opener "1"
  
  rollup@^2.42.4:
    version "2.42.4"
    resolved "https://registry.yarnpkg.com/rollup/-/rollup-2.42.4.tgz#97c910a48bd0db6aaa4271dd48745870cbbbf970"
    integrity sha512-Zqv3EvNfcllBHyyEUM754npqsZw82VIjK34cDQMwrQ1d6aqxzeYu5yFb7smGkPU4C1Bj7HupIMeT6WU7uIdnMw==
    optionalDependencies:
      fsevents "~2.3.1"
